[5.121s] Invoking command in '/home/samah/robot_ws/build/full_coverage': DEBUGINFOD_URLS=https://debuginfod.ubuntu.com PYTHONPATH=/home/samah/robot_ws/build/full_coverage/prefix_override:/usr/lib/python3/dist-packages/colcon_core/task/python/colcon_distutils_commands:/home/samah/robot_ws/install/full_coverage/lib/python3.12/site-packages:${PYTHONPATH} /usr/bin/python3 -W ignore:setup.py install is deprecated -W ignore:easy_install command is deprecated setup.py develop --editable --build-directory /home/samah/robot_ws/build/full_coverage/build --no-deps symlink_data
[7.097s] running develop
[8.048s] /usr/lib/python3/dist-packages/setuptools/command/easy_install.py:363: UserWarning: Unbuilt egg for pytest-repeat [unknown version] (/usr/lib/python3/dist-packages)
[8.048s]   self.local_index = Environment(self.shadow_path + sys.path)
[8.220s] running egg_info
[8.390s] writing full_coverage.egg-info/PKG-INFO
[8.391s] writing dependency_links to full_coverage.egg-info/dependency_links.txt
[8.391s] writing entry points to full_coverage.egg-info/entry_points.txt
[8.391s] writing requirements to full_coverage.egg-info/requires.txt
[8.392s] writing top-level names to full_coverage.egg-info/top_level.txt
[8.620s] reading manifest file 'full_coverage.egg-info/SOURCES.txt'
[8.622s] writing manifest file 'full_coverage.egg-info/SOURCES.txt'
[8.749s] running build_ext
[8.749s] Creating /home/samah/robot_ws/install/full_coverage/lib/python3.12/site-packages/full-coverage.egg-link (link to .)
[8.750s] Installing coverage_planner script to /home/samah/robot_ws/install/full_coverage/lib/full_coverage
[8.751s] Installing visual script to /home/samah/robot_ws/install/full_coverage/lib/full_coverage
[8.751s] 
[8.752s] Installed /home/samah/robot_ws/build/full_coverage
[8.752s] running symlink_data
[8.891s] Invoked command in '/home/samah/robot_ws/build/full_coverage' returned '0': DEBUGINFOD_URLS=https://debuginfod.ubuntu.com PYTHONPATH=/home/samah/robot_ws/build/full_coverage/prefix_override:/usr/lib/python3/dist-packages/colcon_core/task/python/colcon_distutils_commands:/home/samah/robot_ws/install/full_coverage/lib/python3.12/site-packages:${PYTHONPATH} /usr/bin/python3 -W ignore:setup.py install is deprecated -W ignore:easy_install command is deprecated setup.py develop --editable --build-directory /home/samah/robot_ws/build/full_coverage/build --no-deps symlink_data
