[3.409s] Invoking command in '/home/samah/robot_ws/build/full_coverage': DEBUGINFOD_URLS=https://debuginfod.ubuntu.com PYTHONPATH=/home/samah/robot_ws/build/full_coverage/prefix_override:/usr/lib/python3/dist-packages/colcon_core/task/python/colcon_distutils_commands:/home/samah/robot_ws/install/full_coverage/lib/python3.12/site-packages:${PYTHONPATH} /usr/bin/python3 -W ignore:setup.py install is deprecated -W ignore:easy_install command is deprecated setup.py develop --editable --build-directory /home/samah/robot_ws/build/full_coverage/build --no-deps symlink_data
[4.794s] running develop
[5.465s] /usr/lib/python3/dist-packages/setuptools/command/easy_install.py:363: UserWarning: Unbuilt egg for pytest-repeat [unknown version] (/usr/lib/python3/dist-packages)
[5.465s]   self.local_index = Environment(self.shadow_path + sys.path)
[5.594s] running egg_info
[5.721s] writing full_coverage.egg-info/PKG-INFO
[5.721s] writing dependency_links to full_coverage.egg-info/dependency_links.txt
[5.721s] writing entry points to full_coverage.egg-info/entry_points.txt
[5.721s] writing requirements to full_coverage.egg-info/requires.txt
[5.722s] writing top-level names to full_coverage.egg-info/top_level.txt
[5.916s] reading manifest file 'full_coverage.egg-info/SOURCES.txt'
[5.917s] writing manifest file 'full_coverage.egg-info/SOURCES.txt'
[6.024s] running build_ext
[6.025s] Creating /home/samah/robot_ws/install/full_coverage/lib/python3.12/site-packages/full-coverage.egg-link (link to .)
[6.026s] Installing coverage_planner script to /home/samah/robot_ws/install/full_coverage/lib/full_coverage
[6.027s] Installing visual script to /home/samah/robot_ws/install/full_coverage/lib/full_coverage
[6.027s] 
[6.028s] Installed /home/samah/robot_ws/build/full_coverage
[6.028s] running symlink_data
[6.110s] Invoked command in '/home/samah/robot_ws/build/full_coverage' returned '0': DEBUGINFOD_URLS=https://debuginfod.ubuntu.com PYTHONPATH=/home/samah/robot_ws/build/full_coverage/prefix_override:/usr/lib/python3/dist-packages/colcon_core/task/python/colcon_distutils_commands:/home/samah/robot_ws/install/full_coverage/lib/python3.12/site-packages:${PYTHONPATH} /usr/bin/python3 -W ignore:setup.py install is deprecated -W ignore:easy_install command is deprecated setup.py develop --editable --build-directory /home/samah/robot_ws/build/full_coverage/build --no-deps symlink_data
