[6.560s] Invoking command in '/home/samah/robot_ws/build/full_coverage': DEBUGINFOD_URLS=https://debuginfod.ubuntu.com PYTHONPATH=/home/samah/robot_ws/build/full_coverage/prefix_override:/usr/lib/python3/dist-packages/colcon_core/task/python/colcon_distutils_commands:/home/samah/robot_ws/install/full_coverage/lib/python3.12/site-packages:${PYTHONPATH} /usr/bin/python3 -W ignore:setup.py install is deprecated -W ignore:easy_install command is deprecated setup.py develop --editable --build-directory /home/samah/robot_ws/build/full_coverage/build --no-deps symlink_data
[8.560s] running develop
[9.536s] /usr/lib/python3/dist-packages/setuptools/command/easy_install.py:363: UserWarning: Unbuilt egg for pytest-repeat [unknown version] (/usr/lib/python3/dist-packages)
[9.537s]   self.local_index = Environment(self.shadow_path + sys.path)
[9.735s] running egg_info
[9.918s] writing full_coverage.egg-info/PKG-INFO
[9.918s] writing dependency_links to full_coverage.egg-info/dependency_links.txt
[9.919s] writing entry points to full_coverage.egg-info/entry_points.txt
[9.919s] writing requirements to full_coverage.egg-info/requires.txt
[9.919s] writing top-level names to full_coverage.egg-info/top_level.txt
[10.182s] reading manifest file 'full_coverage.egg-info/SOURCES.txt'
[10.184s] writing manifest file 'full_coverage.egg-info/SOURCES.txt'
[10.315s] running build_ext
[10.316s] Creating /home/samah/robot_ws/install/full_coverage/lib/python3.12/site-packages/full-coverage.egg-link (link to .)
[10.317s] Installing coverage_planner script to /home/samah/robot_ws/install/full_coverage/lib/full_coverage
[10.317s] Installing visual script to /home/samah/robot_ws/install/full_coverage/lib/full_coverage
[10.318s] 
[10.318s] Installed /home/samah/robot_ws/build/full_coverage
[10.318s] running symlink_data
[10.451s] Invoked command in '/home/samah/robot_ws/build/full_coverage' returned '0': DEBUGINFOD_URLS=https://debuginfod.ubuntu.com PYTHONPATH=/home/samah/robot_ws/build/full_coverage/prefix_override:/usr/lib/python3/dist-packages/colcon_core/task/python/colcon_distutils_commands:/home/samah/robot_ws/install/full_coverage/lib/python3.12/site-packages:${PYTHONPATH} /usr/bin/python3 -W ignore:setup.py install is deprecated -W ignore:easy_install command is deprecated setup.py develop --editable --build-directory /home/samah/robot_ws/build/full_coverage/build --no-deps symlink_data
