[5.516s] Invoking command in '/home/samah/robot_ws/build/full_coverage': DEBUGINFOD_URLS=https://debuginfod.ubuntu.com PYTHONPATH=/home/samah/robot_ws/build/full_coverage/prefix_override:/usr/lib/python3/dist-packages/colcon_core/task/python/colcon_distutils_commands:/home/samah/robot_ws/install/full_coverage/lib/python3.12/site-packages:${PYTHONPATH} /usr/bin/python3 -W ignore:setup.py install is deprecated -W ignore:easy_install command is deprecated setup.py develop --editable --build-directory /home/samah/robot_ws/build/full_coverage/build --no-deps symlink_data
[7.459s] running develop
[8.414s] /usr/lib/python3/dist-packages/setuptools/command/easy_install.py:363: UserWarning: Unbuilt egg for pytest-repeat [unknown version] (/usr/lib/python3/dist-packages)
[8.414s]   self.local_index = Environment(self.shadow_path + sys.path)
[8.596s] running egg_info
[8.755s] writing full_coverage.egg-info/PKG-INFO
[8.755s] writing dependency_links to full_coverage.egg-info/dependency_links.txt
[8.756s] writing entry points to full_coverage.egg-info/entry_points.txt
[8.756s] writing requirements to full_coverage.egg-info/requires.txt
[8.757s] writing top-level names to full_coverage.egg-info/top_level.txt
[8.998s] reading manifest file 'full_coverage.egg-info/SOURCES.txt'
[9.000s] writing manifest file 'full_coverage.egg-info/SOURCES.txt'
[9.120s] running build_ext
[9.121s] Creating /home/samah/robot_ws/install/full_coverage/lib/python3.12/site-packages/full-coverage.egg-link (link to .)
[9.122s] Installing coverage_planner script to /home/samah/robot_ws/install/full_coverage/lib/full_coverage
[9.123s] Installing visual script to /home/samah/robot_ws/install/full_coverage/lib/full_coverage
[9.123s] 
[9.123s] Installed /home/samah/robot_ws/build/full_coverage
[9.123s] running symlink_data
[9.223s] Invoked command in '/home/samah/robot_ws/build/full_coverage' returned '0': DEBUGINFOD_URLS=https://debuginfod.ubuntu.com PYTHONPATH=/home/samah/robot_ws/build/full_coverage/prefix_override:/usr/lib/python3/dist-packages/colcon_core/task/python/colcon_distutils_commands:/home/samah/robot_ws/install/full_coverage/lib/python3.12/site-packages:${PYTHONPATH} /usr/bin/python3 -W ignore:setup.py install is deprecated -W ignore:easy_install command is deprecated setup.py develop --editable --build-directory /home/samah/robot_ws/build/full_coverage/build --no-deps symlink_data
