[0.449s] DEBUG:colcon:Command line arguments: ['/usr/bin/colcon', 'build', '--symlink-install', '--packages-select', 'full_coverage']
[0.450s] DEBUG:colcon:Parsed command line arguments: Namespace(log_base=None, log_level=None, verb_name='build', build_base='build', install_base='install', merge_install=False, symlink_install=True, test_result_base=None, continue_on_error=False, executor='parallel', parallel_workers=12, event_handlers=None, ignore_user_meta=False, metas=['./colcon.meta'], base_paths=['.'], packages_ignore=None, packages_ignore_regex=None, paths=None, packages_up_to=None, packages_up_to_regex=None, packages_above=None, packages_above_and_dependencies=None, packages_above_depth=None, packages_select_by_dep=None, packages_skip_by_dep=None, packages_skip_up_to=None, packages_select_build_failed=False, packages_skip_build_finished=False, packages_select_test_failures=False, packages_skip_test_passed=False, packages_select=['full_coverage'], packages_skip=None, packages_select_regex=None, packages_skip_regex=None, packages_start=None, packages_end=None, allow_overriding=[], cmake_args=None, cmake_target=None, cmake_target_skip_unavailable=False, cmake_clean_cache=False, cmake_clean_first=False, cmake_force_configure=False, ament_cmake_args=None, catkin_cmake_args=None, catkin_skip_building_tests=False, mixin_files=None, mixin=None, verb_parser=<colcon_mixin.mixin.mixin_argument.MixinArgumentDecorator object at 0x79b45c22a990>, verb_extension=<colcon_core.verb.build.BuildVerb object at 0x79b45c22a600>, main=<bound method BuildVerb.main of <colcon_core.verb.build.BuildVerb object at 0x79b45c22a600>>, mixin_verb=('build',))
[0.575s] Level 1:colcon.colcon_core.package_discovery:discover_packages(colcon_meta) check parameters
[0.576s] Level 1:colcon.colcon_core.package_discovery:discover_packages(recursive) check parameters
[0.576s] Level 1:colcon.colcon_core.package_discovery:discover_packages(ignore) check parameters
[0.576s] Level 1:colcon.colcon_core.package_discovery:discover_packages(path) check parameters
[0.576s] Level 1:colcon.colcon_core.package_discovery:discover_packages(colcon_meta) discover
[0.576s] Level 1:colcon.colcon_core.package_discovery:discover_packages(recursive) discover
[0.576s] INFO:colcon.colcon_core.package_discovery:Crawling recursively for packages in '/home/samah/robot_ws'
[0.576s] Level 1:colcon.colcon_core.package_identification:_identify(.) by extensions ['ignore', 'ignore_ament_install']
[0.577s] Level 1:colcon.colcon_core.package_identification:_identify(.) by extension 'ignore'
[0.577s] Level 1:colcon.colcon_core.package_identification:_identify(.) by extension 'ignore_ament_install'
[0.577s] Level 1:colcon.colcon_core.package_identification:_identify(.) by extensions ['colcon_pkg']
[0.577s] Level 1:colcon.colcon_core.package_identification:_identify(.) by extension 'colcon_pkg'
[0.578s] Level 1:colcon.colcon_core.package_identification:_identify(.) by extensions ['colcon_meta']
[0.578s] Level 1:colcon.colcon_core.package_identification:_identify(.) by extension 'colcon_meta'
[0.578s] Level 1:colcon.colcon_core.package_identification:_identify(.) by extensions ['ros']
[0.578s] Level 1:colcon.colcon_core.package_identification:_identify(.) by extension 'ros'
[0.654s] Level 1:colcon.colcon_core.package_identification:_identify(.) by extensions ['cmake', 'python']
[0.654s] Level 1:colcon.colcon_core.package_identification:_identify(.) by extension 'cmake'
[0.655s] Level 1:colcon.colcon_core.package_identification:_identify(.) by extension 'python'
[0.655s] Level 1:colcon.colcon_core.package_identification:_identify(.) by extensions ['python_setup_py']
[0.655s] Level 1:colcon.colcon_core.package_identification:_identify(.) by extension 'python_setup_py'
[0.655s] Level 1:colcon.colcon_core.package_identification:_identify(build) by extensions ['ignore', 'ignore_ament_install']
[0.655s] Level 1:colcon.colcon_core.package_identification:_identify(build) by extension 'ignore'
[0.655s] Level 1:colcon.colcon_core.package_identification:_identify(build) ignored
[0.656s] Level 1:colcon.colcon_core.package_identification:_identify(install) by extensions ['ignore', 'ignore_ament_install']
[0.656s] Level 1:colcon.colcon_core.package_identification:_identify(install) by extension 'ignore'
[0.656s] Level 1:colcon.colcon_core.package_identification:_identify(install) ignored
[0.657s] Level 1:colcon.colcon_core.package_identification:_identify(log) by extensions ['ignore', 'ignore_ament_install']
[0.657s] Level 1:colcon.colcon_core.package_identification:_identify(log) by extension 'ignore'
[0.657s] Level 1:colcon.colcon_core.package_identification:_identify(log) ignored
[0.658s] Level 1:colcon.colcon_core.package_identification:_identify(src) by extensions ['ignore', 'ignore_ament_install']
[0.658s] Level 1:colcon.colcon_core.package_identification:_identify(src) by extension 'ignore'
[0.658s] Level 1:colcon.colcon_core.package_identification:_identify(src) by extension 'ignore_ament_install'
[0.658s] Level 1:colcon.colcon_core.package_identification:_identify(src) by extensions ['colcon_pkg']
[0.658s] Level 1:colcon.colcon_core.package_identification:_identify(src) by extension 'colcon_pkg'
[0.658s] Level 1:colcon.colcon_core.package_identification:_identify(src) by extensions ['colcon_meta']
[0.658s] Level 1:colcon.colcon_core.package_identification:_identify(src) by extension 'colcon_meta'
[0.659s] Level 1:colcon.colcon_core.package_identification:_identify(src) by extensions ['ros']
[0.659s] Level 1:colcon.colcon_core.package_identification:_identify(src) by extension 'ros'
[0.659s] Level 1:colcon.colcon_core.package_identification:_identify(src) by extensions ['cmake', 'python']
[0.659s] Level 1:colcon.colcon_core.package_identification:_identify(src) by extension 'cmake'
[0.659s] Level 1:colcon.colcon_core.package_identification:_identify(src) by extension 'python'
[0.659s] Level 1:colcon.colcon_core.package_identification:_identify(src) by extensions ['python_setup_py']
[0.659s] Level 1:colcon.colcon_core.package_identification:_identify(src) by extension 'python_setup_py'
[0.659s] Level 1:colcon.colcon_core.package_identification:_identify(src/build) by extensions ['ignore', 'ignore_ament_install']
[0.659s] Level 1:colcon.colcon_core.package_identification:_identify(src/build) by extension 'ignore'
[0.659s] Level 1:colcon.colcon_core.package_identification:_identify(src/build) ignored
[0.660s] Level 1:colcon.colcon_core.package_identification:_identify(src/cartographer_slam) by extensions ['ignore', 'ignore_ament_install']
[0.660s] Level 1:colcon.colcon_core.package_identification:_identify(src/cartographer_slam) by extension 'ignore'
[0.660s] Level 1:colcon.colcon_core.package_identification:_identify(src/cartographer_slam) by extension 'ignore_ament_install'
[0.660s] Level 1:colcon.colcon_core.package_identification:_identify(src/cartographer_slam) by extensions ['colcon_pkg']
[0.660s] Level 1:colcon.colcon_core.package_identification:_identify(src/cartographer_slam) by extension 'colcon_pkg'
[0.660s] Level 1:colcon.colcon_core.package_identification:_identify(src/cartographer_slam) by extensions ['colcon_meta']
[0.660s] Level 1:colcon.colcon_core.package_identification:_identify(src/cartographer_slam) by extension 'colcon_meta'
[0.660s] Level 1:colcon.colcon_core.package_identification:_identify(src/cartographer_slam) by extensions ['ros']
[0.660s] Level 1:colcon.colcon_core.package_identification:_identify(src/cartographer_slam) by extension 'ros'
[0.664s] DEBUG:colcon.colcon_core.package_identification:Package 'src/cartographer_slam' with type 'ros.ament_python' and name 'cartographer_slam'
[0.665s] Level 1:colcon.colcon_core.package_identification:_identify(src/full_coverage) by extensions ['ignore', 'ignore_ament_install']
[0.665s] Level 1:colcon.colcon_core.package_identification:_identify(src/full_coverage) by extension 'ignore'
[0.665s] Level 1:colcon.colcon_core.package_identification:_identify(src/full_coverage) by extension 'ignore_ament_install'
[0.665s] Level 1:colcon.colcon_core.package_identification:_identify(src/full_coverage) by extensions ['colcon_pkg']
[0.665s] Level 1:colcon.colcon_core.package_identification:_identify(src/full_coverage) by extension 'colcon_pkg'
[0.665s] Level 1:colcon.colcon_core.package_identification:_identify(src/full_coverage) by extensions ['colcon_meta']
[0.665s] Level 1:colcon.colcon_core.package_identification:_identify(src/full_coverage) by extension 'colcon_meta'
[0.665s] Level 1:colcon.colcon_core.package_identification:_identify(src/full_coverage) by extensions ['ros']
[0.665s] Level 1:colcon.colcon_core.package_identification:_identify(src/full_coverage) by extension 'ros'
[0.666s] DEBUG:colcon.colcon_core.package_identification:Package 'src/full_coverage' with type 'ros.ament_python' and name 'full_coverage'
[0.667s] Level 1:colcon.colcon_core.package_identification:_identify(src/install) by extensions ['ignore', 'ignore_ament_install']
[0.667s] Level 1:colcon.colcon_core.package_identification:_identify(src/install) by extension 'ignore'
[0.667s] Level 1:colcon.colcon_core.package_identification:_identify(src/install) ignored
[0.667s] Level 1:colcon.colcon_core.package_identification:_identify(src/localization_server) by extensions ['ignore', 'ignore_ament_install']
[0.667s] Level 1:colcon.colcon_core.package_identification:_identify(src/localization_server) by extension 'ignore'
[0.667s] Level 1:colcon.colcon_core.package_identification:_identify(src/localization_server) by extension 'ignore_ament_install'
[0.667s] Level 1:colcon.colcon_core.package_identification:_identify(src/localization_server) by extensions ['colcon_pkg']
[0.667s] Level 1:colcon.colcon_core.package_identification:_identify(src/localization_server) by extension 'colcon_pkg'
[0.668s] Level 1:colcon.colcon_core.package_identification:_identify(src/localization_server) by extensions ['colcon_meta']
[0.668s] Level 1:colcon.colcon_core.package_identification:_identify(src/localization_server) by extension 'colcon_meta'
[0.668s] Level 1:colcon.colcon_core.package_identification:_identify(src/localization_server) by extensions ['ros']
[0.668s] Level 1:colcon.colcon_core.package_identification:_identify(src/localization_server) by extension 'ros'
[0.669s] DEBUG:colcon.colcon_core.package_identification:Package 'src/localization_server' with type 'ros.ament_python' and name 'localization_server'
[0.669s] Level 1:colcon.colcon_core.package_identification:_identify(src/log) by extensions ['ignore', 'ignore_ament_install']
[0.669s] Level 1:colcon.colcon_core.package_identification:_identify(src/log) by extension 'ignore'
[0.669s] Level 1:colcon.colcon_core.package_identification:_identify(src/log) ignored
[0.669s] Level 1:colcon.colcon_core.package_identification:_identify(src/map_server) by extensions ['ignore', 'ignore_ament_install']
[0.669s] Level 1:colcon.colcon_core.package_identification:_identify(src/map_server) by extension 'ignore'
[0.669s] Level 1:colcon.colcon_core.package_identification:_identify(src/map_server) by extension 'ignore_ament_install'
[0.669s] Level 1:colcon.colcon_core.package_identification:_identify(src/map_server) by extensions ['colcon_pkg']
[0.670s] Level 1:colcon.colcon_core.package_identification:_identify(src/map_server) by extension 'colcon_pkg'
[0.670s] Level 1:colcon.colcon_core.package_identification:_identify(src/map_server) by extensions ['colcon_meta']
[0.670s] Level 1:colcon.colcon_core.package_identification:_identify(src/map_server) by extension 'colcon_meta'
[0.670s] Level 1:colcon.colcon_core.package_identification:_identify(src/map_server) by extensions ['ros']
[0.670s] Level 1:colcon.colcon_core.package_identification:_identify(src/map_server) by extension 'ros'
[0.670s] DEBUG:colcon.colcon_core.package_identification:Package 'src/map_server' with type 'ros.ament_python' and name 'map_server'
[0.671s] Level 1:colcon.colcon_core.package_identification:_identify(src/path_planner_server) by extensions ['ignore', 'ignore_ament_install']
[0.671s] Level 1:colcon.colcon_core.package_identification:_identify(src/path_planner_server) by extension 'ignore'
[0.671s] Level 1:colcon.colcon_core.package_identification:_identify(src/path_planner_server) by extension 'ignore_ament_install'
[0.672s] Level 1:colcon.colcon_core.package_identification:_identify(src/path_planner_server) by extensions ['colcon_pkg']
[0.672s] Level 1:colcon.colcon_core.package_identification:_identify(src/path_planner_server) by extension 'colcon_pkg'
[0.672s] Level 1:colcon.colcon_core.package_identification:_identify(src/path_planner_server) by extensions ['colcon_meta']
[0.672s] Level 1:colcon.colcon_core.package_identification:_identify(src/path_planner_server) by extension 'colcon_meta'
[0.672s] Level 1:colcon.colcon_core.package_identification:_identify(src/path_planner_server) by extensions ['ros']
[0.672s] Level 1:colcon.colcon_core.package_identification:_identify(src/path_planner_server) by extension 'ros'
[0.673s] DEBUG:colcon.colcon_core.package_identification:Package 'src/path_planner_server' with type 'ros.ament_python' and name 'path_planner_server'
[0.674s] Level 1:colcon.colcon_core.package_identification:_identify(src/robot_description) by extensions ['ignore', 'ignore_ament_install']
[0.674s] Level 1:colcon.colcon_core.package_identification:_identify(src/robot_description) by extension 'ignore'
[0.674s] Level 1:colcon.colcon_core.package_identification:_identify(src/robot_description) by extension 'ignore_ament_install'
[0.674s] Level 1:colcon.colcon_core.package_identification:_identify(src/robot_description) by extensions ['colcon_pkg']
[0.674s] Level 1:colcon.colcon_core.package_identification:_identify(src/robot_description) by extension 'colcon_pkg'
[0.674s] Level 1:colcon.colcon_core.package_identification:_identify(src/robot_description) by extensions ['colcon_meta']
[0.674s] Level 1:colcon.colcon_core.package_identification:_identify(src/robot_description) by extension 'colcon_meta'
[0.674s] Level 1:colcon.colcon_core.package_identification:_identify(src/robot_description) by extensions ['ros']
[0.674s] Level 1:colcon.colcon_core.package_identification:_identify(src/robot_description) by extension 'ros'
[0.675s] DEBUG:colcon.colcon_core.package_identification:Package 'src/robot_description' with type 'ros.ament_cmake' and name 'robot_description'
[0.676s] Level 1:colcon.colcon_core.package_identification:_identify(src/robot_move) by extensions ['ignore', 'ignore_ament_install']
[0.676s] Level 1:colcon.colcon_core.package_identification:_identify(src/robot_move) by extension 'ignore'
[0.676s] Level 1:colcon.colcon_core.package_identification:_identify(src/robot_move) by extension 'ignore_ament_install'
[0.676s] Level 1:colcon.colcon_core.package_identification:_identify(src/robot_move) by extensions ['colcon_pkg']
[0.676s] Level 1:colcon.colcon_core.package_identification:_identify(src/robot_move) by extension 'colcon_pkg'
[0.676s] Level 1:colcon.colcon_core.package_identification:_identify(src/robot_move) by extensions ['colcon_meta']
[0.676s] Level 1:colcon.colcon_core.package_identification:_identify(src/robot_move) by extension 'colcon_meta'
[0.676s] Level 1:colcon.colcon_core.package_identification:_identify(src/robot_move) by extensions ['ros']
[0.677s] Level 1:colcon.colcon_core.package_identification:_identify(src/robot_move) by extension 'ros'
[0.678s] DEBUG:colcon.colcon_core.package_identification:Package 'src/robot_move' with type 'ros.ament_python' and name 'robot_move'
[0.678s] Level 1:colcon.colcon_core.package_identification:_identify(src/sllidar_ros2) by extensions ['ignore', 'ignore_ament_install']
[0.678s] Level 1:colcon.colcon_core.package_identification:_identify(src/sllidar_ros2) by extension 'ignore'
[0.678s] Level 1:colcon.colcon_core.package_identification:_identify(src/sllidar_ros2) by extension 'ignore_ament_install'
[0.679s] Level 1:colcon.colcon_core.package_identification:_identify(src/sllidar_ros2) by extensions ['colcon_pkg']
[0.679s] Level 1:colcon.colcon_core.package_identification:_identify(src/sllidar_ros2) by extension 'colcon_pkg'
[0.679s] Level 1:colcon.colcon_core.package_identification:_identify(src/sllidar_ros2) by extensions ['colcon_meta']
[0.679s] Level 1:colcon.colcon_core.package_identification:_identify(src/sllidar_ros2) by extension 'colcon_meta'
[0.679s] Level 1:colcon.colcon_core.package_identification:_identify(src/sllidar_ros2) by extensions ['ros']
[0.679s] Level 1:colcon.colcon_core.package_identification:_identify(src/sllidar_ros2) by extension 'ros'
[0.682s] DEBUG:colcon.colcon_core.package_identification:Package 'src/sllidar_ros2' with type 'ros.ament_cmake' and name 'sllidar_ros2'
[0.682s] Level 1:colcon.colcon_core.package_discovery:discover_packages(recursive) using defaults
[0.682s] Level 1:colcon.colcon_core.package_discovery:discover_packages(ignore) discover
[0.682s] Level 1:colcon.colcon_core.package_discovery:discover_packages(ignore) using defaults
[0.682s] Level 1:colcon.colcon_core.package_discovery:discover_packages(path) discover
[0.682s] Level 1:colcon.colcon_core.package_discovery:discover_packages(path) using defaults
[0.778s] INFO:colcon.colcon_core.package_selection:Skipping not selected package 'cartographer_slam' in 'src/cartographer_slam'
[0.778s] INFO:colcon.colcon_core.package_selection:Skipping not selected package 'localization_server' in 'src/localization_server'
[0.778s] INFO:colcon.colcon_core.package_selection:Skipping not selected package 'map_server' in 'src/map_server'
[0.778s] INFO:colcon.colcon_core.package_selection:Skipping not selected package 'path_planner_server' in 'src/path_planner_server'
[0.778s] INFO:colcon.colcon_core.package_selection:Skipping not selected package 'robot_description' in 'src/robot_description'
[0.778s] INFO:colcon.colcon_core.package_selection:Skipping not selected package 'robot_move' in 'src/robot_move'
[0.779s] INFO:colcon.colcon_core.package_selection:Skipping not selected package 'sllidar_ros2' in 'src/sllidar_ros2'
[0.780s] Level 1:colcon.colcon_core.package_discovery:discover_packages(prefix_path) check parameters
[0.781s] Level 1:colcon.colcon_core.package_discovery:discover_packages(prefix_path) discover
[0.826s] DEBUG:colcon.colcon_installed_package_information.package_discovery:Found 364 installed packages in /home/samah/ros2_jazzy/install
[0.830s] DEBUG:colcon.colcon_installed_package_information.package_discovery:Found 252 installed packages in /opt/ros/jazzy
[0.846s] Level 1:colcon.colcon_core.package_discovery:discover_packages(prefix_path) using defaults
[0.981s] Level 5:colcon.colcon_core.verb:set package 'full_coverage' build argument 'cmake_args' from command line to 'None'
[0.981s] Level 5:colcon.colcon_core.verb:set package 'full_coverage' build argument 'cmake_target' from command line to 'None'
[0.982s] Level 5:colcon.colcon_core.verb:set package 'full_coverage' build argument 'cmake_target_skip_unavailable' from command line to 'False'
[0.982s] Level 5:colcon.colcon_core.verb:set package 'full_coverage' build argument 'cmake_clean_cache' from command line to 'False'
[0.982s] Level 5:colcon.colcon_core.verb:set package 'full_coverage' build argument 'cmake_clean_first' from command line to 'False'
[0.982s] Level 5:colcon.colcon_core.verb:set package 'full_coverage' build argument 'cmake_force_configure' from command line to 'False'
[0.982s] Level 5:colcon.colcon_core.verb:set package 'full_coverage' build argument 'ament_cmake_args' from command line to 'None'
[0.982s] Level 5:colcon.colcon_core.verb:set package 'full_coverage' build argument 'catkin_cmake_args' from command line to 'None'
[0.982s] Level 5:colcon.colcon_core.verb:set package 'full_coverage' build argument 'catkin_skip_building_tests' from command line to 'False'
[0.982s] DEBUG:colcon.colcon_core.verb:Building package 'full_coverage' with the following arguments: {'ament_cmake_args': None, 'build_base': '/home/samah/robot_ws/build/full_coverage', 'catkin_cmake_args': None, 'catkin_skip_building_tests': False, 'cmake_args': None, 'cmake_clean_cache': False, 'cmake_clean_first': False, 'cmake_force_configure': False, 'cmake_target': None, 'cmake_target_skip_unavailable': False, 'install_base': '/home/samah/robot_ws/install/full_coverage', 'merge_install': False, 'path': '/home/samah/robot_ws/src/full_coverage', 'symlink_install': True, 'test_result_base': None}
[0.982s] INFO:colcon.colcon_core.executor:Executing jobs using 'parallel' executor
[0.984s] DEBUG:colcon.colcon_parallel_executor.executor.parallel:run_until_complete
[0.984s] INFO:colcon.colcon_ros.task.ament_python.build:Building ROS package in '/home/samah/robot_ws/src/full_coverage' with build type 'ament_python'
[0.984s] Level 1:colcon.colcon_core.shell:create_environment_hook('full_coverage', 'ament_prefix_path')
[0.996s] INFO:colcon.colcon_core.plugin_system:Skipping extension 'colcon_core.shell.bat': Not used on non-Windows systems
[0.997s] INFO:colcon.colcon_core.shell:Creating environment hook '/home/samah/robot_ws/install/full_coverage/share/full_coverage/hook/ament_prefix_path.ps1'
[0.999s] INFO:colcon.colcon_core.shell:Creating environment descriptor '/home/samah/robot_ws/install/full_coverage/share/full_coverage/hook/ament_prefix_path.dsv'
[1.000s] INFO:colcon.colcon_core.shell:Creating environment hook '/home/samah/robot_ws/install/full_coverage/share/full_coverage/hook/ament_prefix_path.sh'
[1.003s] INFO:colcon.colcon_core.shell:Skip shell extension 'powershell' for command environment: Not usable outside of PowerShell
[1.003s] DEBUG:colcon.colcon_core.shell:Skip shell extension 'dsv' for command environment
[2.304s] INFO:colcon.colcon_core.task.python.build:Building Python package in '/home/samah/robot_ws/src/full_coverage'
[2.305s] INFO:colcon.colcon_core.shell:Skip shell extension 'powershell' for command environment: Not usable outside of PowerShell
[2.305s] DEBUG:colcon.colcon_core.shell:Skip shell extension 'dsv' for command environment
[5.414s] DEBUG:colcon.colcon_core.event_handler.log_command:Invoking command in '/home/samah/robot_ws/build/full_coverage': DEBUGINFOD_URLS=https://debuginfod.ubuntu.com PYTHONPATH=/home/samah/robot_ws/build/full_coverage/prefix_override:/usr/lib/python3/dist-packages/colcon_core/task/python/colcon_distutils_commands:/home/samah/robot_ws/install/full_coverage/lib/python3.12/site-packages:${PYTHONPATH} /usr/bin/python3 -W ignore:setup.py install is deprecated -W ignore:easy_install command is deprecated setup.py develop --editable --build-directory /home/samah/robot_ws/build/full_coverage/build --no-deps symlink_data
[8.443s] Level 1:colcon.colcon_core.shell:create_environment_hook('full_coverage', 'pythonpath_develop')
[8.443s] INFO:colcon.colcon_core.shell:Creating environment hook '/home/samah/robot_ws/build/full_coverage/share/full_coverage/hook/pythonpath_develop.ps1'
[8.445s] DEBUG:colcon.colcon_core.event_handler.log_command:Invoked command in '/home/samah/robot_ws/build/full_coverage' returned '0': DEBUGINFOD_URLS=https://debuginfod.ubuntu.com PYTHONPATH=/home/samah/robot_ws/build/full_coverage/prefix_override:/usr/lib/python3/dist-packages/colcon_core/task/python/colcon_distutils_commands:/home/samah/robot_ws/install/full_coverage/lib/python3.12/site-packages:${PYTHONPATH} /usr/bin/python3 -W ignore:setup.py install is deprecated -W ignore:easy_install command is deprecated setup.py develop --editable --build-directory /home/samah/robot_ws/build/full_coverage/build --no-deps symlink_data
[8.445s] INFO:colcon.colcon_core.shell:Creating environment descriptor '/home/samah/robot_ws/build/full_coverage/share/full_coverage/hook/pythonpath_develop.dsv'
[8.446s] INFO:colcon.colcon_core.shell:Creating environment hook '/home/samah/robot_ws/build/full_coverage/share/full_coverage/hook/pythonpath_develop.sh'
[8.460s] Level 1:colcon.colcon_core.environment:checking '/home/samah/robot_ws/install/full_coverage' for CMake module files
[8.461s] Level 1:colcon.colcon_core.environment:checking '/home/samah/robot_ws/install/full_coverage' for CMake config files
[8.462s] Level 1:colcon.colcon_core.environment:checking '/home/samah/robot_ws/install/full_coverage/lib'
[8.462s] Level 1:colcon.colcon_core.environment:checking '/home/samah/robot_ws/install/full_coverage/bin'
[8.463s] Level 1:colcon.colcon_core.environment:checking '/home/samah/robot_ws/install/full_coverage/lib/pkgconfig/full_coverage.pc'
[8.463s] Level 1:colcon.colcon_core.environment:checking '/home/samah/robot_ws/install/full_coverage/lib/python3.12/site-packages'
[8.463s] Level 1:colcon.colcon_core.shell:create_environment_hook('full_coverage', 'pythonpath')
[8.464s] INFO:colcon.colcon_core.shell:Creating environment hook '/home/samah/robot_ws/install/full_coverage/share/full_coverage/hook/pythonpath.ps1'
[8.465s] INFO:colcon.colcon_core.shell:Creating environment descriptor '/home/samah/robot_ws/install/full_coverage/share/full_coverage/hook/pythonpath.dsv'
[8.465s] INFO:colcon.colcon_core.shell:Creating environment hook '/home/samah/robot_ws/install/full_coverage/share/full_coverage/hook/pythonpath.sh'
[8.467s] Level 1:colcon.colcon_core.environment:checking '/home/samah/robot_ws/install/full_coverage/bin'
[8.467s] Level 1:colcon.colcon_core.environment:create_environment_scripts_only(full_coverage)
[8.467s] INFO:colcon.colcon_core.shell:Creating package script '/home/samah/robot_ws/install/full_coverage/share/full_coverage/package.ps1'
[8.469s] INFO:colcon.colcon_core.shell:Creating package descriptor '/home/samah/robot_ws/install/full_coverage/share/full_coverage/package.dsv'
[8.470s] INFO:colcon.colcon_core.shell:Creating package script '/home/samah/robot_ws/install/full_coverage/share/full_coverage/package.sh'
[8.472s] INFO:colcon.colcon_core.shell:Creating package script '/home/samah/robot_ws/install/full_coverage/share/full_coverage/package.bash'
[8.473s] INFO:colcon.colcon_core.shell:Creating package script '/home/samah/robot_ws/install/full_coverage/share/full_coverage/package.zsh'
[8.474s] Level 1:colcon.colcon_core.environment:create_file_with_runtime_dependencies(/home/samah/robot_ws/install/full_coverage/share/colcon-core/packages/full_coverage)
[8.475s] DEBUG:colcon.colcon_parallel_executor.executor.parallel:closing loop
[8.475s] DEBUG:colcon.colcon_parallel_executor.executor.parallel:loop closed
[8.476s] DEBUG:colcon.colcon_parallel_executor.executor.parallel:run_until_complete finished with '0'
[8.476s] DEBUG:colcon.colcon_core.event_reactor:joining thread
[8.503s] INFO:colcon.colcon_core.plugin_system:Skipping extension 'colcon_notification.desktop_notification.terminal_notifier': Not used on non-Darwin systems
[8.503s] INFO:colcon.colcon_core.plugin_system:Skipping extension 'colcon_notification.desktop_notification.win32': Not used on non-Windows systems
[8.503s] INFO:colcon.colcon_notification.desktop_notification:Sending desktop notification using 'notify2'
[8.529s] DEBUG:colcon.colcon_core.event_reactor:joined thread
[8.529s] INFO:colcon.colcon_core.shell:Creating prefix script '/home/samah/robot_ws/install/local_setup.ps1'
[8.531s] INFO:colcon.colcon_core.shell:Creating prefix util module '/home/samah/robot_ws/install/_local_setup_util_ps1.py'
[8.534s] INFO:colcon.colcon_core.shell:Creating prefix chain script '/home/samah/robot_ws/install/setup.ps1'
[8.563s] INFO:colcon.colcon_core.shell:Creating prefix script '/home/samah/robot_ws/install/local_setup.sh'
[8.564s] INFO:colcon.colcon_core.shell:Creating prefix util module '/home/samah/robot_ws/install/_local_setup_util_sh.py'
[8.565s] INFO:colcon.colcon_core.shell:Creating prefix chain script '/home/samah/robot_ws/install/setup.sh'
[8.594s] INFO:colcon.colcon_core.shell:Creating prefix script '/home/samah/robot_ws/install/local_setup.bash'
[8.595s] INFO:colcon.colcon_core.shell:Creating prefix chain script '/home/samah/robot_ws/install/setup.bash'
[8.623s] INFO:colcon.colcon_core.shell:Creating prefix script '/home/samah/robot_ws/install/local_setup.zsh'
[8.624s] INFO:colcon.colcon_core.shell:Creating prefix chain script '/home/samah/robot_ws/install/setup.zsh'
