[0.541s] DEBUG:colcon:Command line arguments: ['/usr/bin/colcon', 'build', '--symlink-install', '--packages-select', 'path_planner_server']
[0.541s] DEBUG:colcon:Parsed command line arguments: Namespace(log_base=None, log_level=None, verb_name='build', build_base='build', install_base='install', merge_install=False, symlink_install=True, test_result_base=None, continue_on_error=False, executor='parallel', parallel_workers=12, event_handlers=None, ignore_user_meta=False, metas=['./colcon.meta'], base_paths=['.'], packages_ignore=None, packages_ignore_regex=None, paths=None, packages_up_to=None, packages_up_to_regex=None, packages_above=None, packages_above_and_dependencies=None, packages_above_depth=None, packages_select_by_dep=None, packages_skip_by_dep=None, packages_skip_up_to=None, packages_select_build_failed=False, packages_skip_build_finished=False, packages_select_test_failures=False, packages_skip_test_passed=False, packages_select=['path_planner_server'], packages_skip=None, packages_select_regex=None, packages_skip_regex=None, packages_start=None, packages_end=None, allow_overriding=[], cmake_args=None, cmake_target=None, cmake_target_skip_unavailable=False, cmake_clean_cache=False, cmake_clean_first=False, cmake_force_configure=False, ament_cmake_args=None, catkin_cmake_args=None, catkin_skip_building_tests=False, mixin_files=None, mixin=None, verb_parser=<colcon_mixin.mixin.mixin_argument.MixinArgumentDecorator object at 0x7faf9a70a870>, verb_extension=<colcon_core.verb.build.BuildVerb object at 0x7faf9a70a570>, main=<bound method BuildVerb.main of <colcon_core.verb.build.BuildVerb object at 0x7faf9a70a570>>, mixin_verb=('build',))
[0.706s] Level 1:colcon.colcon_core.package_discovery:discover_packages(colcon_meta) check parameters
[0.707s] Level 1:colcon.colcon_core.package_discovery:discover_packages(recursive) check parameters
[0.707s] Level 1:colcon.colcon_core.package_discovery:discover_packages(ignore) check parameters
[0.707s] Level 1:colcon.colcon_core.package_discovery:discover_packages(path) check parameters
[0.707s] Level 1:colcon.colcon_core.package_discovery:discover_packages(colcon_meta) discover
[0.707s] Level 1:colcon.colcon_core.package_discovery:discover_packages(recursive) discover
[0.707s] INFO:colcon.colcon_core.package_discovery:Crawling recursively for packages in '/home/samah/robot_ws'
[0.707s] Level 1:colcon.colcon_core.package_identification:_identify(.) by extensions ['ignore', 'ignore_ament_install']
[0.708s] Level 1:colcon.colcon_core.package_identification:_identify(.) by extension 'ignore'
[0.708s] Level 1:colcon.colcon_core.package_identification:_identify(.) by extension 'ignore_ament_install'
[0.708s] Level 1:colcon.colcon_core.package_identification:_identify(.) by extensions ['colcon_pkg']
[0.708s] Level 1:colcon.colcon_core.package_identification:_identify(.) by extension 'colcon_pkg'
[0.708s] Level 1:colcon.colcon_core.package_identification:_identify(.) by extensions ['colcon_meta']
[0.708s] Level 1:colcon.colcon_core.package_identification:_identify(.) by extension 'colcon_meta'
[0.708s] Level 1:colcon.colcon_core.package_identification:_identify(.) by extensions ['ros']
[0.708s] Level 1:colcon.colcon_core.package_identification:_identify(.) by extension 'ros'
[0.784s] Level 1:colcon.colcon_core.package_identification:_identify(.) by extensions ['cmake', 'python']
[0.784s] Level 1:colcon.colcon_core.package_identification:_identify(.) by extension 'cmake'
[0.784s] Level 1:colcon.colcon_core.package_identification:_identify(.) by extension 'python'
[0.784s] Level 1:colcon.colcon_core.package_identification:_identify(.) by extensions ['python_setup_py']
[0.784s] Level 1:colcon.colcon_core.package_identification:_identify(.) by extension 'python_setup_py'
[0.785s] Level 1:colcon.colcon_core.package_identification:_identify(build) by extensions ['ignore', 'ignore_ament_install']
[0.785s] Level 1:colcon.colcon_core.package_identification:_identify(build) by extension 'ignore'
[0.785s] Level 1:colcon.colcon_core.package_identification:_identify(build) ignored
[0.786s] Level 1:colcon.colcon_core.package_identification:_identify(install) by extensions ['ignore', 'ignore_ament_install']
[0.786s] Level 1:colcon.colcon_core.package_identification:_identify(install) by extension 'ignore'
[0.786s] Level 1:colcon.colcon_core.package_identification:_identify(install) ignored
[0.787s] Level 1:colcon.colcon_core.package_identification:_identify(log) by extensions ['ignore', 'ignore_ament_install']
[0.787s] Level 1:colcon.colcon_core.package_identification:_identify(log) by extension 'ignore'
[0.787s] Level 1:colcon.colcon_core.package_identification:_identify(log) ignored
[0.787s] Level 1:colcon.colcon_core.package_identification:_identify(src) by extensions ['ignore', 'ignore_ament_install']
[0.787s] Level 1:colcon.colcon_core.package_identification:_identify(src) by extension 'ignore'
[0.787s] Level 1:colcon.colcon_core.package_identification:_identify(src) by extension 'ignore_ament_install'
[0.788s] Level 1:colcon.colcon_core.package_identification:_identify(src) by extensions ['colcon_pkg']
[0.788s] Level 1:colcon.colcon_core.package_identification:_identify(src) by extension 'colcon_pkg'
[0.788s] Level 1:colcon.colcon_core.package_identification:_identify(src) by extensions ['colcon_meta']
[0.788s] Level 1:colcon.colcon_core.package_identification:_identify(src) by extension 'colcon_meta'
[0.788s] Level 1:colcon.colcon_core.package_identification:_identify(src) by extensions ['ros']
[0.788s] Level 1:colcon.colcon_core.package_identification:_identify(src) by extension 'ros'
[0.788s] Level 1:colcon.colcon_core.package_identification:_identify(src) by extensions ['cmake', 'python']
[0.788s] Level 1:colcon.colcon_core.package_identification:_identify(src) by extension 'cmake'
[0.788s] Level 1:colcon.colcon_core.package_identification:_identify(src) by extension 'python'
[0.788s] Level 1:colcon.colcon_core.package_identification:_identify(src) by extensions ['python_setup_py']
[0.788s] Level 1:colcon.colcon_core.package_identification:_identify(src) by extension 'python_setup_py'
[0.789s] Level 1:colcon.colcon_core.package_identification:_identify(src/build) by extensions ['ignore', 'ignore_ament_install']
[0.789s] Level 1:colcon.colcon_core.package_identification:_identify(src/build) by extension 'ignore'
[0.789s] Level 1:colcon.colcon_core.package_identification:_identify(src/build) ignored
[0.789s] Level 1:colcon.colcon_core.package_identification:_identify(src/cartographer_slam) by extensions ['ignore', 'ignore_ament_install']
[0.789s] Level 1:colcon.colcon_core.package_identification:_identify(src/cartographer_slam) by extension 'ignore'
[0.789s] Level 1:colcon.colcon_core.package_identification:_identify(src/cartographer_slam) by extension 'ignore_ament_install'
[0.790s] Level 1:colcon.colcon_core.package_identification:_identify(src/cartographer_slam) by extensions ['colcon_pkg']
[0.790s] Level 1:colcon.colcon_core.package_identification:_identify(src/cartographer_slam) by extension 'colcon_pkg'
[0.790s] Level 1:colcon.colcon_core.package_identification:_identify(src/cartographer_slam) by extensions ['colcon_meta']
[0.790s] Level 1:colcon.colcon_core.package_identification:_identify(src/cartographer_slam) by extension 'colcon_meta'
[0.790s] Level 1:colcon.colcon_core.package_identification:_identify(src/cartographer_slam) by extensions ['ros']
[0.790s] Level 1:colcon.colcon_core.package_identification:_identify(src/cartographer_slam) by extension 'ros'
[0.795s] DEBUG:colcon.colcon_core.package_identification:Package 'src/cartographer_slam' with type 'ros.ament_python' and name 'cartographer_slam'
[0.795s] Level 1:colcon.colcon_core.package_identification:_identify(src/full_coverage) by extensions ['ignore', 'ignore_ament_install']
[0.795s] Level 1:colcon.colcon_core.package_identification:_identify(src/full_coverage) by extension 'ignore'
[0.795s] Level 1:colcon.colcon_core.package_identification:_identify(src/full_coverage) by extension 'ignore_ament_install'
[0.795s] Level 1:colcon.colcon_core.package_identification:_identify(src/full_coverage) by extensions ['colcon_pkg']
[0.796s] Level 1:colcon.colcon_core.package_identification:_identify(src/full_coverage) by extension 'colcon_pkg'
[0.796s] Level 1:colcon.colcon_core.package_identification:_identify(src/full_coverage) by extensions ['colcon_meta']
[0.796s] Level 1:colcon.colcon_core.package_identification:_identify(src/full_coverage) by extension 'colcon_meta'
[0.796s] Level 1:colcon.colcon_core.package_identification:_identify(src/full_coverage) by extensions ['ros']
[0.796s] Level 1:colcon.colcon_core.package_identification:_identify(src/full_coverage) by extension 'ros'
[0.797s] DEBUG:colcon.colcon_core.package_identification:Package 'src/full_coverage' with type 'ros.ament_python' and name 'full_coverage'
[0.797s] Level 1:colcon.colcon_core.package_identification:_identify(src/install) by extensions ['ignore', 'ignore_ament_install']
[0.797s] Level 1:colcon.colcon_core.package_identification:_identify(src/install) by extension 'ignore'
[0.797s] Level 1:colcon.colcon_core.package_identification:_identify(src/install) ignored
[0.798s] Level 1:colcon.colcon_core.package_identification:_identify(src/localization_server) by extensions ['ignore', 'ignore_ament_install']
[0.798s] Level 1:colcon.colcon_core.package_identification:_identify(src/localization_server) by extension 'ignore'
[0.798s] Level 1:colcon.colcon_core.package_identification:_identify(src/localization_server) by extension 'ignore_ament_install'
[0.798s] Level 1:colcon.colcon_core.package_identification:_identify(src/localization_server) by extensions ['colcon_pkg']
[0.798s] Level 1:colcon.colcon_core.package_identification:_identify(src/localization_server) by extension 'colcon_pkg'
[0.798s] Level 1:colcon.colcon_core.package_identification:_identify(src/localization_server) by extensions ['colcon_meta']
[0.798s] Level 1:colcon.colcon_core.package_identification:_identify(src/localization_server) by extension 'colcon_meta'
[0.798s] Level 1:colcon.colcon_core.package_identification:_identify(src/localization_server) by extensions ['ros']
[0.798s] Level 1:colcon.colcon_core.package_identification:_identify(src/localization_server) by extension 'ros'
[0.799s] DEBUG:colcon.colcon_core.package_identification:Package 'src/localization_server' with type 'ros.ament_python' and name 'localization_server'
[0.799s] Level 1:colcon.colcon_core.package_identification:_identify(src/log) by extensions ['ignore', 'ignore_ament_install']
[0.800s] Level 1:colcon.colcon_core.package_identification:_identify(src/log) by extension 'ignore'
[0.800s] Level 1:colcon.colcon_core.package_identification:_identify(src/log) ignored
[0.800s] Level 1:colcon.colcon_core.package_identification:_identify(src/map_server) by extensions ['ignore', 'ignore_ament_install']
[0.800s] Level 1:colcon.colcon_core.package_identification:_identify(src/map_server) by extension 'ignore'
[0.800s] Level 1:colcon.colcon_core.package_identification:_identify(src/map_server) by extension 'ignore_ament_install'
[0.800s] Level 1:colcon.colcon_core.package_identification:_identify(src/map_server) by extensions ['colcon_pkg']
[0.800s] Level 1:colcon.colcon_core.package_identification:_identify(src/map_server) by extension 'colcon_pkg'
[0.801s] Level 1:colcon.colcon_core.package_identification:_identify(src/map_server) by extensions ['colcon_meta']
[0.801s] Level 1:colcon.colcon_core.package_identification:_identify(src/map_server) by extension 'colcon_meta'
[0.801s] Level 1:colcon.colcon_core.package_identification:_identify(src/map_server) by extensions ['ros']
[0.801s] Level 1:colcon.colcon_core.package_identification:_identify(src/map_server) by extension 'ros'
[0.802s] DEBUG:colcon.colcon_core.package_identification:Package 'src/map_server' with type 'ros.ament_python' and name 'map_server'
[0.802s] Level 1:colcon.colcon_core.package_identification:_identify(src/path_planner_server) by extensions ['ignore', 'ignore_ament_install']
[0.802s] Level 1:colcon.colcon_core.package_identification:_identify(src/path_planner_server) by extension 'ignore'
[0.802s] Level 1:colcon.colcon_core.package_identification:_identify(src/path_planner_server) by extension 'ignore_ament_install'
[0.802s] Level 1:colcon.colcon_core.package_identification:_identify(src/path_planner_server) by extensions ['colcon_pkg']
[0.802s] Level 1:colcon.colcon_core.package_identification:_identify(src/path_planner_server) by extension 'colcon_pkg'
[0.803s] Level 1:colcon.colcon_core.package_identification:_identify(src/path_planner_server) by extensions ['colcon_meta']
[0.803s] Level 1:colcon.colcon_core.package_identification:_identify(src/path_planner_server) by extension 'colcon_meta'
[0.803s] Level 1:colcon.colcon_core.package_identification:_identify(src/path_planner_server) by extensions ['ros']
[0.803s] Level 1:colcon.colcon_core.package_identification:_identify(src/path_planner_server) by extension 'ros'
[0.804s] DEBUG:colcon.colcon_core.package_identification:Package 'src/path_planner_server' with type 'ros.ament_python' and name 'path_planner_server'
[0.804s] Level 1:colcon.colcon_core.package_identification:_identify(src/robot_description) by extensions ['ignore', 'ignore_ament_install']
[0.804s] Level 1:colcon.colcon_core.package_identification:_identify(src/robot_description) by extension 'ignore'
[0.804s] Level 1:colcon.colcon_core.package_identification:_identify(src/robot_description) by extension 'ignore_ament_install'
[0.804s] Level 1:colcon.colcon_core.package_identification:_identify(src/robot_description) by extensions ['colcon_pkg']
[0.804s] Level 1:colcon.colcon_core.package_identification:_identify(src/robot_description) by extension 'colcon_pkg'
[0.804s] Level 1:colcon.colcon_core.package_identification:_identify(src/robot_description) by extensions ['colcon_meta']
[0.805s] Level 1:colcon.colcon_core.package_identification:_identify(src/robot_description) by extension 'colcon_meta'
[0.805s] Level 1:colcon.colcon_core.package_identification:_identify(src/robot_description) by extensions ['ros']
[0.805s] Level 1:colcon.colcon_core.package_identification:_identify(src/robot_description) by extension 'ros'
[0.805s] DEBUG:colcon.colcon_core.package_identification:Package 'src/robot_description' with type 'ros.ament_cmake' and name 'robot_description'
[0.806s] Level 1:colcon.colcon_core.package_identification:_identify(src/robot_move) by extensions ['ignore', 'ignore_ament_install']
[0.806s] Level 1:colcon.colcon_core.package_identification:_identify(src/robot_move) by extension 'ignore'
[0.806s] Level 1:colcon.colcon_core.package_identification:_identify(src/robot_move) by extension 'ignore_ament_install'
[0.806s] Level 1:colcon.colcon_core.package_identification:_identify(src/robot_move) by extensions ['colcon_pkg']
[0.806s] Level 1:colcon.colcon_core.package_identification:_identify(src/robot_move) by extension 'colcon_pkg'
[0.806s] Level 1:colcon.colcon_core.package_identification:_identify(src/robot_move) by extensions ['colcon_meta']
[0.806s] Level 1:colcon.colcon_core.package_identification:_identify(src/robot_move) by extension 'colcon_meta'
[0.807s] Level 1:colcon.colcon_core.package_identification:_identify(src/robot_move) by extensions ['ros']
[0.807s] Level 1:colcon.colcon_core.package_identification:_identify(src/robot_move) by extension 'ros'
[0.807s] DEBUG:colcon.colcon_core.package_identification:Package 'src/robot_move' with type 'ros.ament_python' and name 'robot_move'
[0.808s] Level 1:colcon.colcon_core.package_identification:_identify(src/sllidar_ros2) by extensions ['ignore', 'ignore_ament_install']
[0.808s] Level 1:colcon.colcon_core.package_identification:_identify(src/sllidar_ros2) by extension 'ignore'
[0.808s] Level 1:colcon.colcon_core.package_identification:_identify(src/sllidar_ros2) by extension 'ignore_ament_install'
[0.808s] Level 1:colcon.colcon_core.package_identification:_identify(src/sllidar_ros2) by extensions ['colcon_pkg']
[0.808s] Level 1:colcon.colcon_core.package_identification:_identify(src/sllidar_ros2) by extension 'colcon_pkg'
[0.808s] Level 1:colcon.colcon_core.package_identification:_identify(src/sllidar_ros2) by extensions ['colcon_meta']
[0.808s] Level 1:colcon.colcon_core.package_identification:_identify(src/sllidar_ros2) by extension 'colcon_meta'
[0.808s] Level 1:colcon.colcon_core.package_identification:_identify(src/sllidar_ros2) by extensions ['ros']
[0.808s] Level 1:colcon.colcon_core.package_identification:_identify(src/sllidar_ros2) by extension 'ros'
[0.810s] DEBUG:colcon.colcon_core.package_identification:Package 'src/sllidar_ros2' with type 'ros.ament_cmake' and name 'sllidar_ros2'
[0.810s] Level 1:colcon.colcon_core.package_discovery:discover_packages(recursive) using defaults
[0.810s] Level 1:colcon.colcon_core.package_discovery:discover_packages(ignore) discover
[0.810s] Level 1:colcon.colcon_core.package_discovery:discover_packages(ignore) using defaults
[0.810s] Level 1:colcon.colcon_core.package_discovery:discover_packages(path) discover
[0.810s] Level 1:colcon.colcon_core.package_discovery:discover_packages(path) using defaults
[0.929s] INFO:colcon.colcon_core.package_selection:Skipping not selected package 'cartographer_slam' in 'src/cartographer_slam'
[0.930s] INFO:colcon.colcon_core.package_selection:Skipping not selected package 'full_coverage' in 'src/full_coverage'
[0.930s] INFO:colcon.colcon_core.package_selection:Skipping not selected package 'localization_server' in 'src/localization_server'
[0.930s] INFO:colcon.colcon_core.package_selection:Skipping not selected package 'map_server' in 'src/map_server'
[0.930s] INFO:colcon.colcon_core.package_selection:Skipping not selected package 'robot_description' in 'src/robot_description'
[0.930s] INFO:colcon.colcon_core.package_selection:Skipping not selected package 'robot_move' in 'src/robot_move'
[0.930s] INFO:colcon.colcon_core.package_selection:Skipping not selected package 'sllidar_ros2' in 'src/sllidar_ros2'
[0.932s] Level 1:colcon.colcon_core.package_discovery:discover_packages(prefix_path) check parameters
[0.932s] Level 1:colcon.colcon_core.package_discovery:discover_packages(prefix_path) discover
[0.982s] DEBUG:colcon.colcon_installed_package_information.package_discovery:Found 364 installed packages in /home/samah/ros2_jazzy/install
[0.986s] DEBUG:colcon.colcon_installed_package_information.package_discovery:Found 252 installed packages in /opt/ros/jazzy
[0.998s] Level 1:colcon.colcon_core.package_discovery:discover_packages(prefix_path) using defaults
[1.136s] Level 5:colcon.colcon_core.verb:set package 'path_planner_server' build argument 'cmake_args' from command line to 'None'
[1.136s] Level 5:colcon.colcon_core.verb:set package 'path_planner_server' build argument 'cmake_target' from command line to 'None'
[1.136s] Level 5:colcon.colcon_core.verb:set package 'path_planner_server' build argument 'cmake_target_skip_unavailable' from command line to 'False'
[1.136s] Level 5:colcon.colcon_core.verb:set package 'path_planner_server' build argument 'cmake_clean_cache' from command line to 'False'
[1.137s] Level 5:colcon.colcon_core.verb:set package 'path_planner_server' build argument 'cmake_clean_first' from command line to 'False'
[1.137s] Level 5:colcon.colcon_core.verb:set package 'path_planner_server' build argument 'cmake_force_configure' from command line to 'False'
[1.137s] Level 5:colcon.colcon_core.verb:set package 'path_planner_server' build argument 'ament_cmake_args' from command line to 'None'
[1.137s] Level 5:colcon.colcon_core.verb:set package 'path_planner_server' build argument 'catkin_cmake_args' from command line to 'None'
[1.137s] Level 5:colcon.colcon_core.verb:set package 'path_planner_server' build argument 'catkin_skip_building_tests' from command line to 'False'
[1.137s] DEBUG:colcon.colcon_core.verb:Building package 'path_planner_server' with the following arguments: {'ament_cmake_args': None, 'build_base': '/home/samah/robot_ws/build/path_planner_server', 'catkin_cmake_args': None, 'catkin_skip_building_tests': False, 'cmake_args': None, 'cmake_clean_cache': False, 'cmake_clean_first': False, 'cmake_force_configure': False, 'cmake_target': None, 'cmake_target_skip_unavailable': False, 'install_base': '/home/samah/robot_ws/install/path_planner_server', 'merge_install': False, 'path': '/home/samah/robot_ws/src/path_planner_server', 'symlink_install': True, 'test_result_base': None}
[1.137s] INFO:colcon.colcon_core.executor:Executing jobs using 'parallel' executor
[1.138s] DEBUG:colcon.colcon_parallel_executor.executor.parallel:run_until_complete
[1.139s] INFO:colcon.colcon_ros.task.ament_python.build:Building ROS package in '/home/samah/robot_ws/src/path_planner_server' with build type 'ament_python'
[1.140s] Level 1:colcon.colcon_core.shell:create_environment_hook('path_planner_server', 'ament_prefix_path')
[1.152s] INFO:colcon.colcon_core.plugin_system:Skipping extension 'colcon_core.shell.bat': Not used on non-Windows systems
[1.153s] INFO:colcon.colcon_core.shell:Creating environment hook '/home/samah/robot_ws/install/path_planner_server/share/path_planner_server/hook/ament_prefix_path.ps1'
[1.154s] INFO:colcon.colcon_core.shell:Creating environment descriptor '/home/samah/robot_ws/install/path_planner_server/share/path_planner_server/hook/ament_prefix_path.dsv'
[1.155s] INFO:colcon.colcon_core.shell:Creating environment hook '/home/samah/robot_ws/install/path_planner_server/share/path_planner_server/hook/ament_prefix_path.sh'
[1.157s] INFO:colcon.colcon_core.shell:Skip shell extension 'powershell' for command environment: Not usable outside of PowerShell
[1.157s] DEBUG:colcon.colcon_core.shell:Skip shell extension 'dsv' for command environment
[2.549s] INFO:colcon.colcon_core.task.python.build:Building Python package in '/home/samah/robot_ws/src/path_planner_server'
[2.550s] INFO:colcon.colcon_core.shell:Skip shell extension 'powershell' for command environment: Not usable outside of PowerShell
[2.550s] DEBUG:colcon.colcon_core.shell:Skip shell extension 'dsv' for command environment
[5.769s] DEBUG:colcon.colcon_core.event_handler.log_command:Invoking command in '/home/samah/robot_ws/build/path_planner_server': DEBUGINFOD_URLS=https://debuginfod.ubuntu.com PYTHONPATH=/home/samah/robot_ws/build/path_planner_server/prefix_override:/usr/lib/python3/dist-packages/colcon_core/task/python/colcon_distutils_commands:/home/samah/robot_ws/install/path_planner_server/lib/python3.12/site-packages:${PYTHONPATH} /usr/bin/python3 -W ignore:setup.py install is deprecated -W ignore:easy_install command is deprecated setup.py develop --editable --build-directory /home/samah/robot_ws/build/path_planner_server/build --no-deps symlink_data
[9.284s] Level 1:colcon.colcon_core.shell:create_environment_hook('path_planner_server', 'pythonpath_develop')
[9.285s] INFO:colcon.colcon_core.shell:Creating environment hook '/home/samah/robot_ws/build/path_planner_server/share/path_planner_server/hook/pythonpath_develop.ps1'
[9.286s] DEBUG:colcon.colcon_core.event_handler.log_command:Invoked command in '/home/samah/robot_ws/build/path_planner_server' returned '0': DEBUGINFOD_URLS=https://debuginfod.ubuntu.com PYTHONPATH=/home/samah/robot_ws/build/path_planner_server/prefix_override:/usr/lib/python3/dist-packages/colcon_core/task/python/colcon_distutils_commands:/home/samah/robot_ws/install/path_planner_server/lib/python3.12/site-packages:${PYTHONPATH} /usr/bin/python3 -W ignore:setup.py install is deprecated -W ignore:easy_install command is deprecated setup.py develop --editable --build-directory /home/samah/robot_ws/build/path_planner_server/build --no-deps symlink_data
[9.287s] INFO:colcon.colcon_core.shell:Creating environment descriptor '/home/samah/robot_ws/build/path_planner_server/share/path_planner_server/hook/pythonpath_develop.dsv'
[9.288s] INFO:colcon.colcon_core.shell:Creating environment hook '/home/samah/robot_ws/build/path_planner_server/share/path_planner_server/hook/pythonpath_develop.sh'
[9.304s] Level 1:colcon.colcon_core.environment:checking '/home/samah/robot_ws/install/path_planner_server' for CMake module files
[9.305s] Level 1:colcon.colcon_core.environment:checking '/home/samah/robot_ws/install/path_planner_server' for CMake config files
[9.307s] Level 1:colcon.colcon_core.environment:checking '/home/samah/robot_ws/install/path_planner_server/lib'
[9.308s] Level 1:colcon.colcon_core.environment:checking '/home/samah/robot_ws/install/path_planner_server/bin'
[9.308s] Level 1:colcon.colcon_core.environment:checking '/home/samah/robot_ws/install/path_planner_server/lib/pkgconfig/path_planner_server.pc'
[9.309s] Level 1:colcon.colcon_core.environment:checking '/home/samah/robot_ws/install/path_planner_server/lib/python3.12/site-packages'
[9.309s] Level 1:colcon.colcon_core.shell:create_environment_hook('path_planner_server', 'pythonpath')
[9.310s] INFO:colcon.colcon_core.shell:Creating environment hook '/home/samah/robot_ws/install/path_planner_server/share/path_planner_server/hook/pythonpath.ps1'
[9.312s] INFO:colcon.colcon_core.shell:Creating environment descriptor '/home/samah/robot_ws/install/path_planner_server/share/path_planner_server/hook/pythonpath.dsv'
[9.313s] INFO:colcon.colcon_core.shell:Creating environment hook '/home/samah/robot_ws/install/path_planner_server/share/path_planner_server/hook/pythonpath.sh'
[9.315s] Level 1:colcon.colcon_core.environment:checking '/home/samah/robot_ws/install/path_planner_server/bin'
[9.315s] Level 1:colcon.colcon_core.environment:create_environment_scripts_only(path_planner_server)
[9.316s] INFO:colcon.colcon_core.shell:Creating package script '/home/samah/robot_ws/install/path_planner_server/share/path_planner_server/package.ps1'
[9.318s] INFO:colcon.colcon_core.shell:Creating package descriptor '/home/samah/robot_ws/install/path_planner_server/share/path_planner_server/package.dsv'
[9.319s] INFO:colcon.colcon_core.shell:Creating package script '/home/samah/robot_ws/install/path_planner_server/share/path_planner_server/package.sh'
[9.320s] INFO:colcon.colcon_core.shell:Creating package script '/home/samah/robot_ws/install/path_planner_server/share/path_planner_server/package.bash'
[9.322s] INFO:colcon.colcon_core.shell:Creating package script '/home/samah/robot_ws/install/path_planner_server/share/path_planner_server/package.zsh'
[9.323s] Level 1:colcon.colcon_core.environment:create_file_with_runtime_dependencies(/home/samah/robot_ws/install/path_planner_server/share/colcon-core/packages/path_planner_server)
[9.324s] DEBUG:colcon.colcon_parallel_executor.executor.parallel:closing loop
[9.325s] DEBUG:colcon.colcon_parallel_executor.executor.parallel:loop closed
[9.325s] DEBUG:colcon.colcon_parallel_executor.executor.parallel:run_until_complete finished with '0'
[9.325s] DEBUG:colcon.colcon_core.event_reactor:joining thread
[9.360s] INFO:colcon.colcon_core.plugin_system:Skipping extension 'colcon_notification.desktop_notification.terminal_notifier': Not used on non-Darwin systems
[9.360s] INFO:colcon.colcon_core.plugin_system:Skipping extension 'colcon_notification.desktop_notification.win32': Not used on non-Windows systems
[9.360s] INFO:colcon.colcon_notification.desktop_notification:Sending desktop notification using 'notify2'
[9.387s] DEBUG:colcon.colcon_core.event_reactor:joined thread
[9.388s] INFO:colcon.colcon_core.shell:Creating prefix script '/home/samah/robot_ws/install/local_setup.ps1'
[9.389s] INFO:colcon.colcon_core.shell:Creating prefix util module '/home/samah/robot_ws/install/_local_setup_util_ps1.py'
[9.392s] INFO:colcon.colcon_core.shell:Creating prefix chain script '/home/samah/robot_ws/install/setup.ps1'
[9.419s] INFO:colcon.colcon_core.shell:Creating prefix script '/home/samah/robot_ws/install/local_setup.sh'
[9.420s] INFO:colcon.colcon_core.shell:Creating prefix util module '/home/samah/robot_ws/install/_local_setup_util_sh.py'
[9.421s] INFO:colcon.colcon_core.shell:Creating prefix chain script '/home/samah/robot_ws/install/setup.sh'
[9.452s] INFO:colcon.colcon_core.shell:Creating prefix script '/home/samah/robot_ws/install/local_setup.bash'
[9.453s] INFO:colcon.colcon_core.shell:Creating prefix chain script '/home/samah/robot_ws/install/setup.bash'
[9.481s] INFO:colcon.colcon_core.shell:Creating prefix script '/home/samah/robot_ws/install/local_setup.zsh'
[9.482s] INFO:colcon.colcon_core.shell:Creating prefix chain script '/home/samah/robot_ws/install/setup.zsh'
